<?xml version="1.0" encoding="UTF-8"?>
<!-- Generated by org.testng.reporters.JUnitReportReporter -->
<testsuite hostname="insind948" name="com.uiFramework.inszoom.regrationTesting.FormsLoad.FormsRegression" tests="4" failures="0" timestamp="7 Aug 2019 07:31:40 GMT" time="63.555" errors="0">
  <testcase name="ckeckAllFormsFromExcelFile" time="24.633" classname="com.uiFramework.inszoom.regrationTesting.FormsLoad.FormsRegression"/>
  <testcase name="testLoginToApplication" time="9.912" classname="com.uiFramework.inszoom.regrationTesting.FormsLoad.FormsRegression"/>
  <testcase name="setDefaultDashboardPage" time="18.648" classname="com.uiFramework.inszoom.regrationTesting.FormsLoad.FormsRegression"/>
  <testcase name="clickOnRecentlyVisitedCaseForm" time="10.362" classname="com.uiFramework.inszoom.regrationTesting.FormsLoad.FormsRegression"/>
</testsuite> <!-- com.uiFramework.inszoom.regrationTesting.FormsLoad.FormsRegression -->
